<?xml version="1.0" encoding="UTF-8"?>
<testsuite xmlns:xsi="http://www.w3.org/2001/XMLSchema-instance" xsi:noNamespaceSchemaLocation="https://maven.apache.org/surefire/maven-surefire-plugin/xsd/surefire-test-report.xsd" name="navigator.NavigateToTest" time="8.122" tests="2" errors="0" skipped="0" failures="0">
  <properties>
[...]
</properties>
  <testcase name="test" classname="navigator.NavigateToTest" time="8.042"/>
  <testcase name="test2" classname="navigator.NavigateToTest" time="0"/>
</testsuite>